[2024-04-16 20:42:41.921 +02:00  INF  Application started. Press Ctrl+C to shut down.
[2024-04-16 20:42:41.931 +02:00  INF  Request starting "HTTP/2" "GET" "https"://"localhost:44315""""/swagger""" - null null
[2024-04-16 20:42:41.942 +02:00  INF  Hosting environment: "Development"
[2024-04-16 20:42:41.943 +02:00  INF  Content root path: "C:\\Users\\barts\\RiderProjects\\APITesting\\APITesting"
[2024-04-16 20:42:41.984 +02:00  INF  Request starting "HTTP/2" "GET" "https"://"localhost:44315""""/swagger/index.html""" - null null
[2024-04-16 20:42:41.987 +02:00  INF  Request finished "HTTP/2" "GET" "https"://"localhost:44315""""/swagger""" - 301 null null 59.3319ms
[2024-04-16 20:42:42.032 +02:00  INF  Request finished "HTTP/2" "GET" "https"://"localhost:44315""""/swagger/index.html""" - 200 null "text/html;charset=utf-8" 48.3363ms
[2024-04-16 20:42:42.040 +02:00  INF  Request starting "HTTP/2" "GET" "https"://"localhost:44315""""/swagger/swagger-ui.css""" - null null
[2024-04-16 20:42:42.041 +02:00  INF  Request starting "HTTP/2" "GET" "https"://"localhost:44315""""/swagger/swagger-ui-bundle.js""" - null null
[2024-04-16 20:42:42.041 +02:00  INF  Request starting "HTTP/2" "GET" "https"://"localhost:44315""""/swagger/swagger-ui-standalone-preset.js""" - null null
[2024-04-16 20:42:42.049 +02:00  INF  Sending file. Request path: '"/swagger-ui-standalone-preset.js"'. Physical path: '"N/A"'
[2024-04-16 20:42:42.049 +02:00  INF  Sending file. Request path: '"/swagger-ui-bundle.js"'. Physical path: '"N/A"'
[2024-04-16 20:42:42.049 +02:00  INF  Sending file. Request path: '"/swagger-ui.css"'. Physical path: '"N/A"'
[2024-04-16 20:42:42.051 +02:00  INF  Request finished "HTTP/2" "GET" "https"://"localhost:44315""""/swagger/swagger-ui.css""" - 200 143943 "text/css" 11.3446ms
[2024-04-16 20:42:42.052 +02:00  INF  Request finished "HTTP/2" "GET" "https"://"localhost:44315""""/swagger/swagger-ui-standalone-preset.js""" - 200 339486 "text/javascript" 11.2823ms
[2024-04-16 20:42:42.060 +02:00  INF  Request finished "HTTP/2" "GET" "https"://"localhost:44315""""/swagger/swagger-ui-bundle.js""" - 200 1096145 "text/javascript" 19.0697ms
[2024-04-16 20:42:42.285 +02:00  INF  Request starting "HTTP/2" "GET" "https"://"localhost:44315""""/swagger/favicon-32x32.png""" - null null
[2024-04-16 20:42:42.285 +02:00  INF  Sending file. Request path: '"/favicon-32x32.png"'. Physical path: '"N/A"'
[2024-04-16 20:42:42.285 +02:00  INF  Request finished "HTTP/2" "GET" "https"://"localhost:44315""""/swagger/favicon-32x32.png""" - 200 628 "image/png" 0.823ms
[2024-04-16 20:42:42.359 +02:00  INF  Request starting "HTTP/2" "GET" "https"://"localhost:44315""""/swagger/v1/swagger.json""" - null null
[2024-04-16 20:42:42.362 +02:00  INF  No action descriptors found. This may indicate an incorrectly configured application or missing application parts. To learn more, visit https://aka.ms/aspnet/mvc/app-parts
[2024-04-16 20:42:42.415 +02:00  INF  Request finished "HTTP/2" "GET" "https"://"localhost:44315""""/swagger/v1/swagger.json""" - 200 null "application/json;charset=utf-8" 56.2778ms
[2024-04-16 20:42:45.885 +02:00  INF  Request starting "HTTP/2" "GET" "https"://"localhost:44315""""/api/test""" - null null
[2024-04-16 20:42:45.889 +02:00  INF  Executing endpoint '"HTTP: GET /api/test"'
[2024-04-16 20:42:45.890 +02:00  INF  Executing GetTest method
[2024-04-16 20:42:45.890 +02:00  INF  My Custom Setting Value - From Appsettings.Development.json file
[2024-04-16 20:42:45.890 +02:00  INF  Executed endpoint '"HTTP: GET /api/test"'
[2024-04-16 20:42:45.890 +02:00  INF  Request finished "HTTP/2" "GET" "https"://"localhost:44315""""/api/test""" - 200 null "text/plain; charset=utf-8" 5.8288ms
[2024-04-16 20:42:46.705 +02:00  INF  Request starting "HTTP/2" "GET" "https"://"localhost:44315""""/api/test""" - null null
[2024-04-16 20:42:46.706 +02:00  INF  Executing endpoint '"HTTP: GET /api/test"'
[2024-04-16 20:42:46.706 +02:00  INF  Executing GetTest method
[2024-04-16 20:42:46.706 +02:00  INF  My Custom Setting Value - From Appsettings.Development.json file
[2024-04-16 20:42:46.706 +02:00  INF  Executed endpoint '"HTTP: GET /api/test"'
[2024-04-16 20:42:46.706 +02:00  INF  Request finished "HTTP/2" "GET" "https"://"localhost:44315""""/api/test""" - 200 null "text/plain; charset=utf-8" 0.9146ms
[2024-04-16 20:43:34.153 +02:00  INF  Application is shutting down...
[2024-04-16 20:45:57.529 +02:00  INF]  Application started. Press Ctrl+C to shut down.
[2024-04-16 20:45:57.540 +02:00  INF]  Request starting "HTTP/2" "GET" "https"://"localhost:44315""""/swagger""" - null null
[2024-04-16 20:45:57.549 +02:00  INF]  Hosting environment: "Development"
[2024-04-16 20:45:57.550 +02:00  INF]  Content root path: "C:\\Users\\barts\\RiderProjects\\APITesting\\APITesting"
[2024-04-16 20:45:57.590 +02:00  INF]  Request starting "HTTP/2" "GET" "https"://"localhost:44315""""/swagger/index.html""" - null null
[2024-04-16 20:45:57.592 +02:00  INF]  Request finished "HTTP/2" "GET" "https"://"localhost:44315""""/swagger""" - 301 null null 57.1469ms
[2024-04-16 20:45:57.640 +02:00  INF]  Request finished "HTTP/2" "GET" "https"://"localhost:44315""""/swagger/index.html""" - 200 null "text/html;charset=utf-8" 49.9608ms
[2024-04-16 20:45:57.649 +02:00  INF]  Request starting "HTTP/2" "GET" "https"://"localhost:44315""""/swagger/swagger-ui-bundle.js""" - null null
[2024-04-16 20:45:57.649 +02:00  INF]  Request starting "HTTP/2" "GET" "https"://"localhost:44315""""/swagger/swagger-ui-standalone-preset.js""" - null null
[2024-04-16 20:45:57.649 +02:00  INF]  Request starting "HTTP/2" "GET" "https"://"localhost:44315""""/swagger/swagger-ui.css""" - null null
[2024-04-16 20:45:57.658 +02:00  INF]  Sending file. Request path: '"/swagger-ui-standalone-preset.js"'. Physical path: '"N/A"'
[2024-04-16 20:45:57.658 +02:00  INF]  Sending file. Request path: '"/swagger-ui.css"'. Physical path: '"N/A"'
[2024-04-16 20:45:57.658 +02:00  INF]  Sending file. Request path: '"/swagger-ui-bundle.js"'. Physical path: '"N/A"'
[2024-04-16 20:45:57.660 +02:00  INF]  Request finished "HTTP/2" "GET" "https"://"localhost:44315""""/swagger/swagger-ui.css""" - 200 143943 "text/css" 11.1596ms
[2024-04-16 20:45:57.661 +02:00  INF]  Request finished "HTTP/2" "GET" "https"://"localhost:44315""""/swagger/swagger-ui-standalone-preset.js""" - 200 339486 "text/javascript" 12.359ms
[2024-04-16 20:45:57.669 +02:00  INF]  Request finished "HTTP/2" "GET" "https"://"localhost:44315""""/swagger/swagger-ui-bundle.js""" - 200 1096145 "text/javascript" 20.7106ms
[2024-04-16 20:45:57.909 +02:00  INF]  Request starting "HTTP/2" "GET" "https"://"localhost:44315""""/swagger/favicon-32x32.png""" - null null
[2024-04-16 20:45:57.909 +02:00  INF]  Sending file. Request path: '"/favicon-32x32.png"'. Physical path: '"N/A"'
[2024-04-16 20:45:57.909 +02:00  INF]  Request finished "HTTP/2" "GET" "https"://"localhost:44315""""/swagger/favicon-32x32.png""" - 200 628 "image/png" 1.0404ms
[2024-04-16 20:45:57.990 +02:00  INF]  Request starting "HTTP/2" "GET" "https"://"localhost:44315""""/swagger/v1/swagger.json""" - null null
[2024-04-16 20:45:57.994 +02:00  INF]  No action descriptors found. This may indicate an incorrectly configured application or missing application parts. To learn more, visit https://aka.ms/aspnet/mvc/app-parts
[2024-04-16 20:45:58.046 +02:00  INF]  Request finished "HTTP/2" "GET" "https"://"localhost:44315""""/swagger/v1/swagger.json""" - 200 null "application/json;charset=utf-8" 55.5477ms
[2024-04-16 20:46:00.863 +02:00  INF]  Request starting "HTTP/2" "GET" "https"://"localhost:44315""""/api/test""" - null null
[2024-04-16 20:46:00.867 +02:00  INF]  Executing endpoint '"HTTP: GET /api/test"'
[2024-04-16 20:46:00.868 +02:00  INF]  Executing GetTest method
[2024-04-16 20:46:00.868 +02:00  INF]  My Custom Setting Value - From Appsettings.Development.json file
[2024-04-16 20:46:00.868 +02:00  INF]  Executed endpoint '"HTTP: GET /api/test"'
[2024-04-16 20:46:00.868 +02:00  INF]  Request finished "HTTP/2" "GET" "https"://"localhost:44315""""/api/test""" - 200 null "text/plain; charset=utf-8" 5.304ms
[2024-04-16 20:46:01.682 +02:00  INF]  Request starting "HTTP/2" "GET" "https"://"localhost:44315""""/api/test""" - null null
[2024-04-16 20:46:01.682 +02:00  INF]  Executing endpoint '"HTTP: GET /api/test"'
[2024-04-16 20:46:01.682 +02:00  INF]  Executing GetTest method
[2024-04-16 20:46:01.682 +02:00  INF]  My Custom Setting Value - From Appsettings.Development.json file
[2024-04-16 20:46:01.683 +02:00  INF]  Executed endpoint '"HTTP: GET /api/test"'
[2024-04-16 20:46:01.683 +02:00  INF]  Request finished "HTTP/2" "GET" "https"://"localhost:44315""""/api/test""" - 200 null "text/plain; charset=utf-8" 0.826ms
[2024-04-16 21:03:20.154 +02:00  INF]  Application is shutting down...
[2024-04-16 21:06:36.677 +02:00  INF]  Application started. Press Ctrl+C to shut down.
[2024-04-16 21:06:36.687 +02:00  INF]  Request starting "HTTP/2" "GET" "https"://"localhost:44315""""/swagger""" - null null
[2024-04-16 21:06:36.696 +02:00  INF]  Hosting environment: "Development"
[2024-04-16 21:06:36.697 +02:00  INF]  Content root path: "C:\\Users\\barts\\RiderProjects\\APITesting\\APITesting"
[2024-04-16 21:06:36.739 +02:00  INF]  Request starting "HTTP/2" "GET" "https"://"localhost:44315""""/swagger/index.html""" - null null
[2024-04-16 21:06:36.742 +02:00  INF]  Request finished "HTTP/2" "GET" "https"://"localhost:44315""""/swagger""" - 301 null null 58.6807ms
[2024-04-16 21:06:36.794 +02:00  INF]  Request finished "HTTP/2" "GET" "https"://"localhost:44315""""/swagger/index.html""" - 200 null "text/html;charset=utf-8" 55.1016ms
[2024-04-16 21:06:36.804 +02:00  INF]  Request starting "HTTP/2" "GET" "https"://"localhost:44315""""/swagger/swagger-ui.css""" - null null
[2024-04-16 21:06:36.806 +02:00  INF]  Request starting "HTTP/2" "GET" "https"://"localhost:44315""""/swagger/swagger-ui-bundle.js""" - null null
[2024-04-16 21:06:36.806 +02:00  INF]  Request starting "HTTP/2" "GET" "https"://"localhost:44315""""/swagger/swagger-ui-standalone-preset.js""" - null null
[2024-04-16 21:06:36.813 +02:00  INF]  Sending file. Request path: '"/swagger-ui-standalone-preset.js"'. Physical path: '"N/A"'
[2024-04-16 21:06:36.813 +02:00  INF]  Sending file. Request path: '"/swagger-ui-bundle.js"'. Physical path: '"N/A"'
[2024-04-16 21:06:36.813 +02:00  INF]  Sending file. Request path: '"/swagger-ui.css"'. Physical path: '"N/A"'
[2024-04-16 21:06:36.816 +02:00  INF]  Request finished "HTTP/2" "GET" "https"://"localhost:44315""""/swagger/swagger-ui.css""" - 200 143943 "text/css" 11.5268ms
[2024-04-16 21:06:36.817 +02:00  INF]  Request finished "HTTP/2" "GET" "https"://"localhost:44315""""/swagger/swagger-ui-standalone-preset.js""" - 200 339486 "text/javascript" 10.889ms
[2024-04-16 21:06:36.825 +02:00  INF]  Request finished "HTTP/2" "GET" "https"://"localhost:44315""""/swagger/swagger-ui-bundle.js""" - 200 1096145 "text/javascript" 19.0049ms
[2024-04-16 21:06:37.074 +02:00  INF]  Request starting "HTTP/2" "GET" "https"://"localhost:44315""""/swagger/favicon-32x32.png""" - null null
[2024-04-16 21:06:37.074 +02:00  INF]  Sending file. Request path: '"/favicon-32x32.png"'. Physical path: '"N/A"'
[2024-04-16 21:06:37.074 +02:00  INF]  Request finished "HTTP/2" "GET" "https"://"localhost:44315""""/swagger/favicon-32x32.png""" - 200 628 "image/png" 0.9022ms
[2024-04-16 21:06:37.150 +02:00  INF]  Request starting "HTTP/2" "GET" "https"://"localhost:44315""""/swagger/v1/swagger.json""" - null null
[2024-04-16 21:06:37.153 +02:00  INF]  No action descriptors found. This may indicate an incorrectly configured application or missing application parts. To learn more, visit https://aka.ms/aspnet/mvc/app-parts
[2024-04-16 21:06:37.208 +02:00  INF]  Request finished "HTTP/2" "GET" "https"://"localhost:44315""""/swagger/v1/swagger.json""" - 200 null "application/json;charset=utf-8" 58.6222ms
[2024-04-16 21:06:42.030 +02:00  INF]  Request starting "HTTP/2" "GET" "https"://"localhost:44315""""/options""" - null null
[2024-04-16 21:06:42.033 +02:00  INF]  Executing endpoint '"HTTP: GET options"'
[2024-04-16 21:06:42.059 +02:00  INF]  Setting HTTP status code 200.
[2024-04-16 21:06:42.062 +02:00  INF]  Writing value of type '"<>f__AnonymousType0`3"' as Json.
[2024-04-16 21:06:42.064 +02:00  INF]  Executed endpoint '"HTTP: GET options"'
[2024-04-16 21:06:42.064 +02:00  INF]  Request finished "HTTP/2" "GET" "https"://"localhost:44315""""/options""" - 200 null "application/json; charset=utf-8" 34.6274ms
[2024-04-16 21:06:53.870 +02:00  INF]  Request starting "HTTP/2" "GET" "https"://"localhost:44315""""/options""" - null null
[2024-04-16 21:06:53.871 +02:00  INF]  Executing endpoint '"HTTP: GET options"'
[2024-04-16 21:06:53.871 +02:00  INF]  Setting HTTP status code 200.
[2024-04-16 21:06:53.871 +02:00  INF]  Writing value of type '"<>f__AnonymousType0`3"' as Json.
[2024-04-16 21:06:53.872 +02:00  INF]  Executed endpoint '"HTTP: GET options"'
[2024-04-16 21:06:53.872 +02:00  INF]  Request finished "HTTP/2" "GET" "https"://"localhost:44315""""/options""" - 200 null "application/json; charset=utf-8" 1.7669ms
[2024-04-16 21:06:55.334 +02:00  INF]  Request starting "HTTP/2" "GET" "https"://"localhost:44315""""/options""" - null null
[2024-04-16 21:06:55.335 +02:00  INF]  Executing endpoint '"HTTP: GET options"'
[2024-04-16 21:06:55.337 +02:00  INF]  Setting HTTP status code 200.
[2024-04-16 21:06:55.337 +02:00  INF]  Writing value of type '"<>f__AnonymousType0`3"' as Json.
[2024-04-16 21:06:55.338 +02:00  INF]  Executed endpoint '"HTTP: GET options"'
[2024-04-16 21:06:55.338 +02:00  INF]  Request finished "HTTP/2" "GET" "https"://"localhost:44315""""/options""" - 200 null "application/json; charset=utf-8" 3.513ms
[2024-04-16 21:10:33.933 +02:00  INF]  Application is shutting down...
