[2024-04-17 12:58:12.056 +02:00  INF]  Application started. Press Ctrl+C to shut down.
[2024-04-17 12:58:12.156 +02:00  INF]  Hosting environment: "Development"
[2024-04-17 12:58:12.158 +02:00  INF]  Content root path: "C:\\Users\\barts\\RiderProjects\\APITesting\\APITesting"
[2024-04-17 12:58:12.192 +02:00  INF]  Request starting "HTTP/2" "GET" "https"://"localhost:44315""""/swagger""" - null null
[2024-04-17 12:58:12.271 +02:00  INF]  Request starting "HTTP/2" "GET" "https"://"localhost:44315""""/swagger/index.html""" - null null
[2024-04-17 12:58:12.273 +02:00  INF]  Request finished "HTTP/2" "GET" "https"://"localhost:44315""""/swagger""" - 301 null null 85.0896ms
[2024-04-17 12:58:12.319 +02:00  INF]  Request finished "HTTP/2" "GET" "https"://"localhost:44315""""/swagger/index.html""" - 200 null "text/html;charset=utf-8" 48.1556ms
[2024-04-17 12:58:12.326 +02:00  INF]  Request starting "HTTP/2" "GET" "https"://"localhost:44315""""/swagger/swagger-ui.css""" - null null
[2024-04-17 12:58:12.327 +02:00  INF]  Request starting "HTTP/2" "GET" "https"://"localhost:44315""""/swagger/swagger-ui-standalone-preset.js""" - null null
[2024-04-17 12:58:12.327 +02:00  INF]  Request starting "HTTP/2" "GET" "https"://"localhost:44315""""/swagger/swagger-ui-bundle.js""" - null null
[2024-04-17 12:58:12.335 +02:00  INF]  Sending file. Request path: '"/swagger-ui.css"'. Physical path: '"N/A"'
[2024-04-17 12:58:12.335 +02:00  INF]  Sending file. Request path: '"/swagger-ui-standalone-preset.js"'. Physical path: '"N/A"'
[2024-04-17 12:58:12.335 +02:00  INF]  Sending file. Request path: '"/swagger-ui-bundle.js"'. Physical path: '"N/A"'
[2024-04-17 12:58:12.337 +02:00  INF]  Request finished "HTTP/2" "GET" "https"://"localhost:44315""""/swagger/swagger-ui.css""" - 200 143943 "text/css" 11.8104ms
[2024-04-17 12:58:12.339 +02:00  INF]  Request finished "HTTP/2" "GET" "https"://"localhost:44315""""/swagger/swagger-ui-standalone-preset.js""" - 200 339486 "text/javascript" 11.6696ms
[2024-04-17 12:58:12.347 +02:00  INF]  Request finished "HTTP/2" "GET" "https"://"localhost:44315""""/swagger/swagger-ui-bundle.js""" - 200 1096145 "text/javascript" 20.2222ms
[2024-04-17 12:58:12.562 +02:00  INF]  Request starting "HTTP/2" "GET" "https"://"localhost:44315""""/swagger/favicon-32x32.png""" - null null
[2024-04-17 12:58:12.563 +02:00  INF]  Sending file. Request path: '"/favicon-32x32.png"'. Physical path: '"N/A"'
[2024-04-17 12:58:12.563 +02:00  INF]  Request finished "HTTP/2" "GET" "https"://"localhost:44315""""/swagger/favicon-32x32.png""" - 200 628 "image/png" 0.9388ms
[2024-04-17 12:58:12.631 +02:00  INF]  Request starting "HTTP/2" "GET" "https"://"localhost:44315""""/swagger/v1/swagger.json""" - null null
[2024-04-17 12:58:12.636 +02:00  INF]  No action descriptors found. This may indicate an incorrectly configured application or missing application parts. To learn more, visit https://aka.ms/aspnet/mvc/app-parts
[2024-04-17 12:58:12.718 +02:00  INF]  Request finished "HTTP/2" "GET" "https"://"localhost:44315""""/swagger/v1/swagger.json""" - 200 null "application/json;charset=utf-8" 86.7238ms
[2024-04-17 12:58:16.887 +02:00  INF]  Request starting "HTTP/2" "GET" "https"://"localhost:44315""""/options""" - null null
[2024-04-17 12:58:16.906 +02:00  INF]  Executing endpoint '"HTTP: GET options"'
[2024-04-17 12:58:16.930 +02:00  INF]  Setting HTTP status code 200.
[2024-04-17 12:58:16.933 +02:00  INF]  Writing value of type '"<>f__AnonymousType0`3"' as Json.
[2024-04-17 12:58:16.934 +02:00  INF]  Executed endpoint '"HTTP: GET options"'
[2024-04-17 12:58:16.935 +02:00  INF]  Request finished "HTTP/2" "GET" "https"://"localhost:44315""""/options""" - 200 null "application/json; charset=utf-8" 47.9955ms
[2024-04-17 13:07:29.189 +02:00  INF]  Application is shutting down...
[2024-04-17 14:09:37.167 +02:00  INF]  Application started. Press Ctrl+C to shut down.
[2024-04-17 14:09:37.180 +02:00  INF]  Request starting "HTTP/2" "GET" "https"://"localhost:44315""""/swagger""" - null null
[2024-04-17 14:09:37.191 +02:00  INF]  Hosting environment: "Development"
[2024-04-17 14:09:37.192 +02:00  INF]  Content root path: "C:\\Users\\barts\\RiderProjects\\APITesting\\APITesting"
[2024-04-17 14:09:37.239 +02:00  INF]  Request starting "HTTP/2" "GET" "https"://"localhost:44315""""/swagger/index.html""" - null null
[2024-04-17 14:09:37.242 +02:00  INF]  Request finished "HTTP/2" "GET" "https"://"localhost:44315""""/swagger""" - 301 null null 66.4203ms
[2024-04-17 14:09:37.290 +02:00  INF]  Request finished "HTTP/2" "GET" "https"://"localhost:44315""""/swagger/index.html""" - 200 null "text/html;charset=utf-8" 51.3343ms
[2024-04-17 14:09:37.299 +02:00  INF]  Request starting "HTTP/2" "GET" "https"://"localhost:44315""""/swagger/swagger-ui.css""" - null null
[2024-04-17 14:09:37.301 +02:00  INF]  Request starting "HTTP/2" "GET" "https"://"localhost:44315""""/swagger/swagger-ui-bundle.js""" - null null
[2024-04-17 14:09:37.301 +02:00  INF]  Request starting "HTTP/2" "GET" "https"://"localhost:44315""""/swagger/swagger-ui-standalone-preset.js""" - null null
[2024-04-17 14:09:37.309 +02:00  INF]  Sending file. Request path: '"/swagger-ui-standalone-preset.js"'. Physical path: '"N/A"'
[2024-04-17 14:09:37.309 +02:00  INF]  Sending file. Request path: '"/swagger-ui-bundle.js"'. Physical path: '"N/A"'
[2024-04-17 14:09:37.309 +02:00  INF]  Sending file. Request path: '"/swagger-ui.css"'. Physical path: '"N/A"'
[2024-04-17 14:09:37.312 +02:00  INF]  Request finished "HTTP/2" "GET" "https"://"localhost:44315""""/swagger/swagger-ui.css""" - 200 143943 "text/css" 12.7232ms
[2024-04-17 14:09:37.313 +02:00  INF]  Request finished "HTTP/2" "GET" "https"://"localhost:44315""""/swagger/swagger-ui-standalone-preset.js""" - 200 339486 "text/javascript" 12.2402ms
[2024-04-17 14:09:37.321 +02:00  INF]  Request finished "HTTP/2" "GET" "https"://"localhost:44315""""/swagger/swagger-ui-bundle.js""" - 200 1096145 "text/javascript" 20.2536ms
[2024-04-17 14:09:37.580 +02:00  INF]  Request starting "HTTP/2" "GET" "https"://"localhost:44315""""/swagger/favicon-32x32.png""" - null null
[2024-04-17 14:09:37.581 +02:00  INF]  Sending file. Request path: '"/favicon-32x32.png"'. Physical path: '"N/A"'
[2024-04-17 14:09:37.581 +02:00  INF]  Request finished "HTTP/2" "GET" "https"://"localhost:44315""""/swagger/favicon-32x32.png""" - 200 628 "image/png" 0.8104ms
[2024-04-17 14:09:37.650 +02:00  INF]  Request starting "HTTP/2" "GET" "https"://"localhost:44315""""/swagger/v1/swagger.json""" - null null
[2024-04-17 14:09:37.654 +02:00  INF]  No action descriptors found. This may indicate an incorrectly configured application or missing application parts. To learn more, visit https://aka.ms/aspnet/mvc/app-parts
[2024-04-17 14:09:37.698 +02:00  INF]  Request finished "HTTP/2" "GET" "https"://"localhost:44315""""/swagger/v1/swagger.json""" - 200 null "application/json;charset=utf-8" 47.7141ms
[2024-04-17 14:09:41.628 +02:00  INF]  Request starting "HTTP/2" "GET" "https"://"localhost:44315""""/api/test""" - null null
[2024-04-17 14:09:41.632 +02:00  INF]  Executing endpoint '"HTTP: GET /api/test => GetTest"'
[2024-04-17 14:09:41.635 +02:00  INF]  Executing GetTest method
[2024-04-17 14:09:41.635 +02:00  INF]  My Custom Setting Value - From Appsettings.Development.json file
[2024-04-17 14:09:41.637 +02:00  INF]  Setting HTTP status code 200.
[2024-04-17 14:09:41.639 +02:00  INF]  Writing value of type '"String"' as Json.
[2024-04-17 14:09:41.640 +02:00  INF]  Executed endpoint '"HTTP: GET /api/test => GetTest"'
[2024-04-17 14:09:41.640 +02:00  INF]  Request finished "HTTP/2" "GET" "https"://"localhost:44315""""/api/test""" - 200 null "application/json; charset=utf-8" 12.1946ms
[2024-04-17 14:14:23.429 +02:00  INF]  Application is shutting down...
[2024-04-17 14:19:38.630 +02:00  INF]  Application started. Press Ctrl+C to shut down.
[2024-04-17 14:19:38.643 +02:00  INF]  Request starting "HTTP/2" "GET" "https"://"localhost:44315""""/swagger""" - null null
[2024-04-17 14:19:38.655 +02:00  INF]  Hosting environment: "Development"
[2024-04-17 14:19:38.656 +02:00  INF]  Content root path: "C:\\Users\\barts\\RiderProjects\\APITesting\\APITesting"
[2024-04-17 14:19:38.708 +02:00  INF]  Request starting "HTTP/2" "GET" "https"://"localhost:44315""""/swagger/index.html""" - null null
[2024-04-17 14:19:38.711 +02:00  INF]  Request finished "HTTP/2" "GET" "https"://"localhost:44315""""/swagger""" - 301 null null 72.8023ms
[2024-04-17 14:19:38.767 +02:00  INF]  Request finished "HTTP/2" "GET" "https"://"localhost:44315""""/swagger/index.html""" - 200 null "text/html;charset=utf-8" 59.72ms
[2024-04-17 14:19:38.778 +02:00  INF]  Request starting "HTTP/2" "GET" "https"://"localhost:44315""""/swagger/swagger-ui-standalone-preset.js""" - null null
[2024-04-17 14:19:38.778 +02:00  INF]  Request starting "HTTP/2" "GET" "https"://"localhost:44315""""/swagger/swagger-ui-bundle.js""" - null null
[2024-04-17 14:19:38.778 +02:00  INF]  Request starting "HTTP/2" "GET" "https"://"localhost:44315""""/swagger/swagger-ui.css""" - null null
[2024-04-17 14:19:38.789 +02:00  INF]  Sending file. Request path: '"/swagger-ui.css"'. Physical path: '"N/A"'
[2024-04-17 14:19:38.789 +02:00  INF]  Sending file. Request path: '"/swagger-ui-standalone-preset.js"'. Physical path: '"N/A"'
[2024-04-17 14:19:38.789 +02:00  INF]  Sending file. Request path: '"/swagger-ui-bundle.js"'. Physical path: '"N/A"'
[2024-04-17 14:19:38.791 +02:00  INF]  Request finished "HTTP/2" "GET" "https"://"localhost:44315""""/swagger/swagger-ui.css""" - 200 143943 "text/css" 13.1142ms
[2024-04-17 14:19:38.793 +02:00  INF]  Request finished "HTTP/2" "GET" "https"://"localhost:44315""""/swagger/swagger-ui-standalone-preset.js""" - 200 339486 "text/javascript" 15.4677ms
[2024-04-17 14:19:38.804 +02:00  INF]  Request finished "HTTP/2" "GET" "https"://"localhost:44315""""/swagger/swagger-ui-bundle.js""" - 200 1096145 "text/javascript" 26.1861ms
[2024-04-17 14:19:39.082 +02:00  INF]  Request starting "HTTP/2" "GET" "https"://"localhost:44315""""/swagger/favicon-32x32.png""" - null null
[2024-04-17 14:19:39.082 +02:00  INF]  Sending file. Request path: '"/favicon-32x32.png"'. Physical path: '"N/A"'
[2024-04-17 14:19:39.082 +02:00  INF]  Request finished "HTTP/2" "GET" "https"://"localhost:44315""""/swagger/favicon-32x32.png""" - 200 628 "image/png" 0.7587ms
[2024-04-17 14:19:39.157 +02:00  INF]  Request starting "HTTP/2" "GET" "https"://"localhost:44315""""/swagger/v1/swagger.json""" - null null
[2024-04-17 14:19:39.160 +02:00  INF]  No action descriptors found. This may indicate an incorrectly configured application or missing application parts. To learn more, visit https://aka.ms/aspnet/mvc/app-parts
[2024-04-17 14:19:39.204 +02:00  INF]  Request finished "HTTP/2" "GET" "https"://"localhost:44315""""/swagger/v1/swagger.json""" - 200 null "application/json;charset=utf-8" 47.1686ms
[2024-04-17 14:19:42.657 +02:00  INF]  Request starting "HTTP/2" "GET" "https"://"localhost:44315""""/api/test""" - null null
[2024-04-17 14:19:42.660 +02:00  INF]  Executing endpoint '"HTTP: GET /api/test => GetTest"'
[2024-04-17 14:19:42.662 +02:00  INF]  Executing GetTest method
[2024-04-17 14:19:42.662 +02:00  INF]  My Custom Setting Value - From Appsettings.Development.json file
[2024-04-17 14:19:42.664 +02:00  INF]  Setting HTTP status code 200.
[2024-04-17 14:19:42.666 +02:00  INF]  Writing value of type '"String"' as Json.
[2024-04-17 14:19:42.667 +02:00  INF]  Executed endpoint '"HTTP: GET /api/test => GetTest"'
[2024-04-17 14:19:42.667 +02:00  INF]  Request finished "HTTP/2" "GET" "https"://"localhost:44315""""/api/test""" - 200 null "application/json; charset=utf-8" 10.7597ms
[2024-04-17 14:25:01.919 +02:00  INF]  Application is shutting down...
[2024-04-17 15:01:48.683 +02:00  INF]  Application started. Press Ctrl+C to shut down.
[2024-04-17 15:01:48.693 +02:00  INF]  Request starting "HTTP/2" "GET" "https"://"localhost:44315""""/swagger""" - null null
[2024-04-17 15:01:48.703 +02:00  INF]  Hosting environment: "Development"
[2024-04-17 15:01:48.704 +02:00  INF]  Content root path: "C:\\Users\\barts\\RiderProjects\\APITesting\\APITesting"
[2024-04-17 15:01:48.744 +02:00  INF]  Request starting "HTTP/2" "GET" "https"://"localhost:44315""""/swagger/index.html""" - null null
[2024-04-17 15:01:48.746 +02:00  INF]  Request finished "HTTP/2" "GET" "https"://"localhost:44315""""/swagger""" - 301 null null 57.661ms
[2024-04-17 15:01:48.793 +02:00  INF]  Request finished "HTTP/2" "GET" "https"://"localhost:44315""""/swagger/index.html""" - 200 null "text/html;charset=utf-8" 48.9652ms
[2024-04-17 15:01:48.801 +02:00  INF]  Request starting "HTTP/2" "GET" "https"://"localhost:44315""""/swagger/swagger-ui-bundle.js""" - null null
[2024-04-17 15:01:48.801 +02:00  INF]  Request starting "HTTP/2" "GET" "https"://"localhost:44315""""/swagger/swagger-ui.css""" - null null
[2024-04-17 15:01:48.801 +02:00  INF]  Request starting "HTTP/2" "GET" "https"://"localhost:44315""""/swagger/swagger-ui-standalone-preset.js""" - null null
[2024-04-17 15:01:48.811 +02:00  INF]  Sending file. Request path: '"/swagger-ui-bundle.js"'. Physical path: '"N/A"'
[2024-04-17 15:01:48.811 +02:00  INF]  Sending file. Request path: '"/swagger-ui-standalone-preset.js"'. Physical path: '"N/A"'
[2024-04-17 15:01:48.811 +02:00  INF]  Sending file. Request path: '"/swagger-ui.css"'. Physical path: '"N/A"'
[2024-04-17 15:01:48.813 +02:00  INF]  Request finished "HTTP/2" "GET" "https"://"localhost:44315""""/swagger/swagger-ui.css""" - 200 143943 "text/css" 11.874ms
[2024-04-17 15:01:48.814 +02:00  INF]  Request finished "HTTP/2" "GET" "https"://"localhost:44315""""/swagger/swagger-ui-standalone-preset.js""" - 200 339486 "text/javascript" 13.0444ms
[2024-04-17 15:01:48.822 +02:00  INF]  Request finished "HTTP/2" "GET" "https"://"localhost:44315""""/swagger/swagger-ui-bundle.js""" - 200 1096145 "text/javascript" 21.4897ms
[2024-04-17 15:01:49.046 +02:00  INF]  Request starting "HTTP/2" "GET" "https"://"localhost:44315""""/swagger/favicon-32x32.png""" - null null
[2024-04-17 15:01:49.046 +02:00  INF]  Sending file. Request path: '"/favicon-32x32.png"'. Physical path: '"N/A"'
[2024-04-17 15:01:49.047 +02:00  INF]  Request finished "HTTP/2" "GET" "https"://"localhost:44315""""/swagger/favicon-32x32.png""" - 200 628 "image/png" 0.967ms
[2024-04-17 15:01:49.119 +02:00  INF]  Request starting "HTTP/2" "GET" "https"://"localhost:44315""""/swagger/v1/swagger.json""" - null null
[2024-04-17 15:01:49.122 +02:00  INF]  No action descriptors found. This may indicate an incorrectly configured application or missing application parts. To learn more, visit https://aka.ms/aspnet/mvc/app-parts
[2024-04-17 15:01:49.164 +02:00  INF]  Request finished "HTTP/2" "GET" "https"://"localhost:44315""""/swagger/v1/swagger.json""" - 200 null "application/json;charset=utf-8" 45.8114ms
[2024-04-17 15:02:08.637 +02:00  INF]  Request starting "HTTP/2" "GET" "https"://"localhost:44315""""/api/test""" - null null
[2024-04-17 15:02:08.640 +02:00  INF]  Executing endpoint '"HTTP: GET /api/test => GetTest"'
[2024-04-17 15:02:08.642 +02:00  INF]  Executing GetTest method
[2024-04-17 15:02:08.642 +02:00  INF]  My Custom Setting Value - From Appsettings.Development.json file
[2024-04-17 15:02:08.644 +02:00  INF]  Setting HTTP status code 200.
[2024-04-17 15:02:08.645 +02:00  INF]  Writing value of type '"String"' as Json.
[2024-04-17 15:02:08.647 +02:00  INF]  Executed endpoint '"HTTP: GET /api/test => GetTest"'
[2024-04-17 15:02:08.647 +02:00  INF]  Request finished "HTTP/2" "GET" "https"://"localhost:44315""""/api/test""" - 200 null "application/json; charset=utf-8" 10.9617ms
[2024-04-17 15:06:01.362 +02:00  INF]  Request starting "HTTP/2" "GET" "https"://"localhost:44315""""/api/test""" - null null
[2024-04-17 15:06:01.362 +02:00  INF]  Executing endpoint '"HTTP: GET /api/test => GetTest"'
[2024-04-17 15:06:01.362 +02:00  INF]  Executing GetTest method
[2024-04-17 15:06:01.362 +02:00  INF]  My Custom Setting Value - From Appsettings.Development.json file
[2024-04-17 15:06:01.363 +02:00  INF]  Setting HTTP status code 200.
[2024-04-17 15:06:01.363 +02:00  INF]  Writing value of type '"String"' as Json.
[2024-04-17 15:06:01.363 +02:00  INF]  Executed endpoint '"HTTP: GET /api/test => GetTest"'
[2024-04-17 15:06:01.363 +02:00  INF]  Request finished "HTTP/2" "GET" "https"://"localhost:44315""""/api/test""" - 200 null "application/json; charset=utf-8" 0.963ms
[2024-04-17 15:11:42.999 +02:00  INF]  Application is shutting down...
[2024-04-17 15:11:50.607 +02:00  INF]  Application started. Press Ctrl+C to shut down.
[2024-04-17 15:11:50.618 +02:00  INF]  Request starting "HTTP/2" "GET" "https"://"localhost:44315""""/swagger""" - null null
[2024-04-17 15:11:50.628 +02:00  INF]  Hosting environment: "Development"
[2024-04-17 15:11:50.629 +02:00  INF]  Content root path: "C:\\Users\\barts\\RiderProjects\\APITesting\\APITesting"
[2024-04-17 15:11:50.670 +02:00  INF]  Request starting "HTTP/2" "GET" "https"://"localhost:44315""""/swagger/index.html""" - null null
[2024-04-17 15:11:50.672 +02:00  INF]  Request finished "HTTP/2" "GET" "https"://"localhost:44315""""/swagger""" - 301 null null 57.7974ms
[2024-04-17 15:11:50.719 +02:00  INF]  Request finished "HTTP/2" "GET" "https"://"localhost:44315""""/swagger/index.html""" - 200 null "text/html;charset=utf-8" 49.2687ms
[2024-04-17 15:11:50.726 +02:00  INF]  Request starting "HTTP/2" "GET" "https"://"localhost:44315""""/swagger/swagger-ui.css""" - null null
[2024-04-17 15:11:50.727 +02:00  INF]  Request starting "HTTP/2" "GET" "https"://"localhost:44315""""/swagger/swagger-ui-standalone-preset.js""" - null null
[2024-04-17 15:11:50.727 +02:00  INF]  Request starting "HTTP/2" "GET" "https"://"localhost:44315""""/swagger/swagger-ui-bundle.js""" - null null
[2024-04-17 15:11:50.735 +02:00  INF]  Sending file. Request path: '"/swagger-ui-standalone-preset.js"'. Physical path: '"N/A"'
[2024-04-17 15:11:50.735 +02:00  INF]  Sending file. Request path: '"/swagger-ui-bundle.js"'. Physical path: '"N/A"'
[2024-04-17 15:11:50.735 +02:00  INF]  Sending file. Request path: '"/swagger-ui.css"'. Physical path: '"N/A"'
[2024-04-17 15:11:50.737 +02:00  INF]  Request finished "HTTP/2" "GET" "https"://"localhost:44315""""/swagger/swagger-ui.css""" - 200 143943 "text/css" 11.4391ms
[2024-04-17 15:11:50.738 +02:00  INF]  Request finished "HTTP/2" "GET" "https"://"localhost:44315""""/swagger/swagger-ui-standalone-preset.js""" - 200 339486 "text/javascript" 11.0822ms
[2024-04-17 15:11:50.746 +02:00  INF]  Request finished "HTTP/2" "GET" "https"://"localhost:44315""""/swagger/swagger-ui-bundle.js""" - 200 1096145 "text/javascript" 19.0809ms
[2024-04-17 15:11:50.980 +02:00  INF]  Request starting "HTTP/2" "GET" "https"://"localhost:44315""""/swagger/favicon-32x32.png""" - null null
[2024-04-17 15:11:50.981 +02:00  INF]  Sending file. Request path: '"/favicon-32x32.png"'. Physical path: '"N/A"'
[2024-04-17 15:11:50.981 +02:00  INF]  Request finished "HTTP/2" "GET" "https"://"localhost:44315""""/swagger/favicon-32x32.png""" - 200 628 "image/png" 0.9203ms
[2024-04-17 15:11:51.070 +02:00  INF]  Request starting "HTTP/2" "GET" "https"://"localhost:44315""""/swagger/v1/swagger.json""" - null null
[2024-04-17 15:11:51.074 +02:00  INF]  No action descriptors found. This may indicate an incorrectly configured application or missing application parts. To learn more, visit https://aka.ms/aspnet/mvc/app-parts
[2024-04-17 15:11:51.125 +02:00  INF]  Request finished "HTTP/2" "GET" "https"://"localhost:44315""""/swagger/v1/swagger.json""" - 200 null "application/json;charset=utf-8" 54.6985ms
[2024-04-17 15:14:22.664 +02:00  INF]  Application is shutting down...
